<?xml version="1.0" encoding="UTF-8"?>
<!-- Generated by org.testng.reporters.JUnitXMLReporter -->
<testsuite ignored="0" hostname="LAPTOP-QUMG6PNP" failures="2" tests="13" name="Test" time="0.075" errors="0" timestamp="2021-09-28T14:21:56 IST">
  <testcase classname="test.test1" name="cardholder1" time="0.005"/>
  <testcase classname="test.test1" name="cardholder2" time="0.0"/>
  <testcase classname="test.test1" name="cardholder3" time="0.0">
    <failure type="org.testng.TestNGException" message="
Cannot inject @Test annotated Method [cardholder3] with [int].
For more information on native dependency injection please refer to https://testng.org/doc/documentation-main.html#native-dependency-injection">
      <![CDATA[org.testng.TestNGException: 
Cannot inject @Test annotated Method [cardholder3] with [int].
For more information on native dependency injection please refer to https://testng.org/doc/documentation-main.html#native-dependency-injection
at java.base/java.util.ArrayList.forEach(ArrayList.java:1511)
at java.base/java.util.concurrent.FutureTask.run(FutureTask.java:264)
at java.base/java.util.concurrent.ThreadPoolExecutor.runWorker(ThreadPoolExecutor.java:1130)
at java.base/java.util.concurrent.ThreadPoolExecutor$Worker.run(ThreadPoolExecutor.java:630)
at java.base/java.lang.Thread.run(Thread.java:831)
... Removed 17 stack frames]]>
    </failure>
  </testcase> <!-- cardholder3 -->
  <testcase classname="test.test2" name="Afterclass" time="0.0"/>
  <testcase classname="test.test2" name="carloan" time="0.001"/>
  <testcase classname="test.test2" name="carloan" time="0.001"/>
  <testcase classname="test.test2" name="carloan" time="0.001"/>
  <testcase classname="test.test2" name="loanholder2" time="0.0">
    <failure type="org.testng.TestNGException" message="
Cannot inject @Test annotated Method [loanholder2] with [class java.lang.String].
For more information on native dependency injection please refer to https://testng.org/doc/documentation-main.html#native-dependency-injection">
      <![CDATA[org.testng.TestNGException: 
Cannot inject @Test annotated Method [loanholder2] with [class java.lang.String].
For more information on native dependency injection please refer to https://testng.org/doc/documentation-main.html#native-dependency-injection
at java.base/java.util.ArrayList.forEach(ArrayList.java:1511)
at java.base/java.util.concurrent.FutureTask.run(FutureTask.java:264)
at java.base/java.util.concurrent.ThreadPoolExecutor.runWorker(ThreadPoolExecutor.java:1130)
at java.base/java.util.concurrent.ThreadPoolExecutor$Worker.run(ThreadPoolExecutor.java:630)
at java.base/java.lang.Thread.run(Thread.java:831)
... Removed 17 stack frames]]>
    </failure>
  </testcase> <!-- loanholder2 -->
  <testcase classname="test.test2" name="loneholder1" time="0.001"/>
  <testcase classname="test.test3" name="Submitapplicationtestcase" time="0.001"/>
  <testcase classname="test.test3" name="Submitapplicationtestcase2" time="0.003"/>
  <testcase classname="test.test3" name="Registerusertestcase" time="0.0"/>
  <testcase classname="test.test3" name="Createnewapplicationtestcase" time="0.001"/>
</testsuite> <!-- Test -->
